2024/01/22 13:00:23.368095 Plugin para comunicación con impresoras térmicas 
Proudly brought to you by Parzibyte

Finalmente llegamos a la versión 3! espero que esta sea la última, por favor
Nota: ya existe la versión para Android: https://parzibyte.me/blog/2022/11/01/plugin-gratuito-impresoras-termicas-bluetooth-android/
No olvides leer mi blog si hay más actualizaciones o cosas interesantes:
==========================================
	https://parzibyte.me/blog
========================================== 
2024/01/22 13:00:23.368095 Escuchando en el puerto :8000.
2024/01/22 13:02:25.965242 Plugin para comunicación con impresoras térmicas 
Proudly brought to you by Parzibyte

Finalmente llegamos a la versión 3! espero que esta sea la última, por favor
Nota: ya existe la versión para Android: https://parzibyte.me/blog/2022/11/01/plugin-gratuito-impresoras-termicas-bluetooth-android/
No olvides leer mi blog si hay más actualizaciones o cosas interesantes:
==========================================
	https://parzibyte.me/blog
========================================== 
2024/01/22 13:02:25.965754 Escuchando en el puerto :8000.
2024/01/22 13:11:03.814228 Error comprobando validez de licencia: el serial es una cadena vacía. Esto no es problema si usted está usando la versión gratuita, pero si cuenta con un serial por favor verifique la documentación en https://parzibyte.me/blog para saber cómo enviar la licencia en la petición
2024/01/22 13:17:20.645290 Error comprobando validez de licencia: el serial es una cadena vacía. Esto no es problema si usted está usando la versión gratuita, pero si cuenta con un serial por favor verifique la documentación en https://parzibyte.me/blog para saber cómo enviar la licencia en la petición
2024/01/22 13:20:22.811757 Error comprobando validez de licencia: el serial es una cadena vacía. Esto no es problema si usted está usando la versión gratuita, pero si cuenta con un serial por favor verifique la documentación en https://parzibyte.me/blog para saber cómo enviar la licencia en la petición
2024/01/22 13:20:22.814485 error de servidor. El mensaje es: error haciendo operaciones. Normalmente suele pasar porque se invoca a una operación con un número de argumentos distintos a los esperados, o se invoca a una función que no existe. La última función invocada fue EstablecerEnfatizado El error dice: reflect: Call using float64 as type bool
2024/01/22 13:21:17.101106 Error comprobando validez de licencia: el serial es una cadena vacía. Esto no es problema si usted está usando la versión gratuita, pero si cuenta con un serial por favor verifique la documentación en https://parzibyte.me/blog para saber cómo enviar la licencia en la petición
2024/01/22 13:21:44.822030 Error comprobando validez de licencia: el serial es una cadena vacía. Esto no es problema si usted está usando la versión gratuita, pero si cuenta con un serial por favor verifique la documentación en https://parzibyte.me/blog para saber cómo enviar la licencia en la petición
2024/01/22 13:29:41.008578 Error comprobando validez de licencia: el serial es una cadena vacía. Esto no es problema si usted está usando la versión gratuita, pero si cuenta con un serial por favor verifique la documentación en https://parzibyte.me/blog para saber cómo enviar la licencia en la petición
2024/01/22 13:30:41.057868 Error comprobando validez de licencia: el serial es una cadena vacía. Esto no es problema si usted está usando la versión gratuita, pero si cuenta con un serial por favor verifique la documentación en https://parzibyte.me/blog para saber cómo enviar la licencia en la petición
2024/01/22 15:00:09.196622 Error comprobando validez de licencia: el serial es una cadena vacía. Esto no es problema si usted está usando la versión gratuita, pero si cuenta con un serial por favor verifique la documentación en https://parzibyte.me/blog para saber cómo enviar la licencia en la petición
2024/01/22 15:40:13.363134 Error comprobando validez de licencia: el serial es una cadena vacía. Esto no es problema si usted está usando la versión gratuita, pero si cuenta con un serial por favor verifique la documentación en https://parzibyte.me/blog para saber cómo enviar la licencia en la petición
2024/01/22 18:04:46.635968 Error comprobando validez de licencia: el serial es una cadena vacía. Esto no es problema si usted está usando la versión gratuita, pero si cuenta con un serial por favor verifique la documentación en https://parzibyte.me/blog para saber cómo enviar la licencia en la petición
2024/01/22 18:07:14.386059 Error comprobando validez de licencia: el serial es una cadena vacía. Esto no es problema si usted está usando la versión gratuita, pero si cuenta con un serial por favor verifique la documentación en https://parzibyte.me/blog para saber cómo enviar la licencia en la petición
2024/01/22 18:08:25.694092 Error comprobando validez de licencia: el serial es una cadena vacía. Esto no es problema si usted está usando la versión gratuita, pero si cuenta con un serial por favor verifique la documentación en https://parzibyte.me/blog para saber cómo enviar la licencia en la petición
2024/01/22 18:09:58.646231 Error comprobando validez de licencia: el serial es una cadena vacía. Esto no es problema si usted está usando la versión gratuita, pero si cuenta con un serial por favor verifique la documentación en https://parzibyte.me/blog para saber cómo enviar la licencia en la petición
