2023/12/01 09:26:05.973909 Plugin para comunicación con impresoras térmicas 
Proudly brought to you by Parzibyte

Finalmente llegamos a la versión 3! espero que esta sea la última, por favor
Nota: ya existe la versión para Android: https://parzibyte.me/blog/2022/11/01/plugin-gratuito-impresoras-termicas-bluetooth-android/
No olvides leer mi blog si hay más actualizaciones o cosas interesantes:
==========================================
	https://parzibyte.me/blog
========================================== 
2023/12/01 09:26:05.973909 Escuchando en el puerto :8000.
2023/12/02 14:14:02.107138 Plugin para comunicación con impresoras térmicas 
Proudly brought to you by Parzibyte

Finalmente llegamos a la versión 3! espero que esta sea la última, por favor
Nota: ya existe la versión para Android: https://parzibyte.me/blog/2022/11/01/plugin-gratuito-impresoras-termicas-bluetooth-android/
No olvides leer mi blog si hay más actualizaciones o cosas interesantes:
==========================================
	https://parzibyte.me/blog
========================================== 
2023/12/02 14:14:02.107648 Escuchando en el puerto :8000.
2023/12/03 12:09:03.817433 Plugin para comunicación con impresoras térmicas 
Proudly brought to you by Parzibyte

Finalmente llegamos a la versión 3! espero que esta sea la última, por favor
Nota: ya existe la versión para Android: https://parzibyte.me/blog/2022/11/01/plugin-gratuito-impresoras-termicas-bluetooth-android/
No olvides leer mi blog si hay más actualizaciones o cosas interesantes:
==========================================
	https://parzibyte.me/blog
========================================== 
2023/12/03 12:09:03.817433 Escuchando en el puerto :8000.
2023/12/03 17:16:08.924266 Plugin para comunicación con impresoras térmicas 
Proudly brought to you by Parzibyte

Finalmente llegamos a la versión 3! espero que esta sea la última, por favor
Nota: ya existe la versión para Android: https://parzibyte.me/blog/2022/11/01/plugin-gratuito-impresoras-termicas-bluetooth-android/
No olvides leer mi blog si hay más actualizaciones o cosas interesantes:
==========================================
	https://parzibyte.me/blog
========================================== 
2023/12/03 17:16:08.924266 Escuchando en el puerto :8000.
2023/12/04 10:44:41.287208 Plugin para comunicación con impresoras térmicas 
Proudly brought to you by Parzibyte

Finalmente llegamos a la versión 3! espero que esta sea la última, por favor
Nota: ya existe la versión para Android: https://parzibyte.me/blog/2022/11/01/plugin-gratuito-impresoras-termicas-bluetooth-android/
No olvides leer mi blog si hay más actualizaciones o cosas interesantes:
==========================================
	https://parzibyte.me/blog
========================================== 
2023/12/04 10:44:41.287714 Escuchando en el puerto :8000.
